ARM GAS  /tmp/ccOaZ5uK.s 			page 1


   1              		.cpu cortex-m3
   2              		.arch armv7-m
   3              		.fpu softvfp
   4              		.eabi_attribute 20, 1
   5              		.eabi_attribute 21, 1
   6              		.eabi_attribute 23, 3
   7              		.eabi_attribute 24, 1
   8              		.eabi_attribute 25, 1
   9              		.eabi_attribute 26, 1
  10              		.eabi_attribute 30, 1
  11              		.eabi_attribute 34, 1
  12              		.eabi_attribute 18, 4
  13              		.file	"eeprom_time.c"
  14              		.text
  15              	.Ltext0:
  16              		.cfi_sections	.debug_frame
  17              		.file 1 "External/eeprom_driver/Src/eeprom_time.c"
  18              		.section	.text.eeprom_delay,"ax",%progbits
  19              		.align	1
  20              		.global	eeprom_delay
  21              		.syntax unified
  22              		.thumb
  23              		.thumb_func
  25              	eeprom_delay:
  26              	.LVL0:
  27              	.LFB65:
   1:External/eeprom_driver/Src/eeprom_time.c **** #include "eeprom_time.h"
   2:External/eeprom_driver/Src/eeprom_time.c **** #include "stm32f1xx.h"
   3:External/eeprom_driver/Src/eeprom_time.c **** #include "stm32f1xx_hal_i2c.h"
   4:External/eeprom_driver/Src/eeprom_time.c **** 
   5:External/eeprom_driver/Src/eeprom_time.c **** 
   6:External/eeprom_driver/Src/eeprom_time.c **** void eeprom_delay(uint32_t delay)
   7:External/eeprom_driver/Src/eeprom_time.c **** {
  28              		.loc 1 7 1 view -0
  29              		.cfi_startproc
  30              		@ args = 0, pretend = 0, frame = 0
  31              		@ frame_needed = 0, uses_anonymous_args = 0
  32              		.loc 1 7 1 is_stmt 0 view .LVU1
  33 0000 08B5     		push	{r3, lr}
  34              	.LCFI0:
  35              		.cfi_def_cfa_offset 8
  36              		.cfi_offset 3, -8
  37              		.cfi_offset 14, -4
   8:External/eeprom_driver/Src/eeprom_time.c ****     HAL_Delay(delay);
  38              		.loc 1 8 5 is_stmt 1 view .LVU2
  39 0002 FFF7FEFF 		bl	HAL_Delay
  40              	.LVL1:
   9:External/eeprom_driver/Src/eeprom_time.c **** }
  41              		.loc 1 9 1 is_stmt 0 view .LVU3
  42 0006 08BD     		pop	{r3, pc}
  43              		.cfi_endproc
  44              	.LFE65:
  46              		.text
  47              	.Letext0:
  48              		.file 2 "/usr/local/src/arm-gnu-toolchain-13.2/arm-none-eabi/include/machine/_default_types.h"
  49              		.file 3 "/usr/local/src/arm-gnu-toolchain-13.2/arm-none-eabi/include/sys/_stdint.h"
  50              		.file 4 "Drivers/STM32F1xx_HAL_Driver/Inc/stm32f1xx_hal.h"
ARM GAS  /tmp/ccOaZ5uK.s 			page 2


ARM GAS  /tmp/ccOaZ5uK.s 			page 3


DEFINED SYMBOLS
                            *ABS*:00000000 eeprom_time.c
     /tmp/ccOaZ5uK.s:19     .text.eeprom_delay:00000000 $t
     /tmp/ccOaZ5uK.s:25     .text.eeprom_delay:00000000 eeprom_delay

UNDEFINED SYMBOLS
HAL_Delay
