ARM GAS  /tmp/ccNy3aGw.s 			page 1


   1              		.cpu cortex-m3
   2              		.arch armv7-m
   3              		.fpu softvfp
   4              		.eabi_attribute 20, 1
   5              		.eabi_attribute 21, 1
   6              		.eabi_attribute 23, 3
   7              		.eabi_attribute 24, 1
   8              		.eabi_attribute 25, 1
   9              		.eabi_attribute 26, 1
  10              		.eabi_attribute 30, 1
  11              		.eabi_attribute 34, 1
  12              		.eabi_attribute 18, 4
  13              		.file	"fake_eeprom_time.c"
  14              		.text
  15              	.Ltext0:
  16              		.cfi_sections	.debug_frame
  17              		.file 1 "Tests/fakes/Src/fake_eeprom_time.c"
  18              		.section	.text.eeprom_delay,"ax",%progbits
  19              		.align	1
  20              		.global	eeprom_delay
  21              		.syntax unified
  22              		.thumb
  23              		.thumb_func
  25              	eeprom_delay:
  26              	.LVL0:
  27              	.LFB0:
   1:Tests/fakes/Src/fake_eeprom_time.c **** #include "fake_eeprom_time.h"
   2:Tests/fakes/Src/fake_eeprom_time.c **** 
   3:Tests/fakes/Src/fake_eeprom_time.c **** void eeprom_delay(uint32_t delay)
   4:Tests/fakes/Src/fake_eeprom_time.c **** {
  28              		.loc 1 4 1 view -0
  29              		.cfi_startproc
  30              		@ args = 0, pretend = 0, frame = 0
  31              		@ frame_needed = 0, uses_anonymous_args = 0
  32              		@ link register save eliminated.
   5:Tests/fakes/Src/fake_eeprom_time.c **** }
  33              		.loc 1 5 1 view .LVU1
  34 0000 7047     		bx	lr
  35              		.cfi_endproc
  36              	.LFE0:
  38              		.text
  39              	.Letext0:
  40              		.file 2 "/usr/local/src/arm-gnu-toolchain-13.2/arm-none-eabi/include/machine/_default_types.h"
  41              		.file 3 "/usr/local/src/arm-gnu-toolchain-13.2/arm-none-eabi/include/sys/_stdint.h"
ARM GAS  /tmp/ccNy3aGw.s 			page 2


DEFINED SYMBOLS
                            *ABS*:00000000 fake_eeprom_time.c
     /tmp/ccNy3aGw.s:19     .text.eeprom_delay:00000000 $t
     /tmp/ccNy3aGw.s:25     .text.eeprom_delay:00000000 eeprom_delay

NO UNDEFINED SYMBOLS
